{"uuid":"4e3a1ffe-549f-4662-84b3-6890b2cdfb64","historyId":"69730b8949ded352cc2a45468af8a4ad","testCaseId":"5a260ae356b391b49fa30478f6b999fa","fullName":"src/main/resources/features/api/Brands.feature:4","labels":[{"name":"tag","value":"api"},{"name":"host","value":"DESKTOP-21V1HNG"},{"name":"thread","value":"28124@DESKTOP-21V1HNG.TestNG-PoolService-2(37)"},{"name":"feature","value":"Brands API Testing"},{"name":"story","value":"Get all brands list (method not supported)"},{"name":"suite","value":"Brands API Testing"},{"name":"testClass","value":"Get all brands list (method not supported)"},{"name":"framework","value":"cucumber4jvm"},{"name":"language","value":"java"},{"name":"gherkin_uri","value":"file:///C:/FINAL_PROJECT_COPY/Final_Project/src/main/resources/features/api/Brands.feature"},{"name":"package","value":"src.main.resources.features.api.Brands_feature.Brands API Testing"}],"links":[],"name":"Get all brands list (method not supported)","status":"failed","statusDetails":{"known":false,"muted":false,"flaky":false,"message":"Expected text not found in response! expected [true] but found [false]","trace":"java.lang.AssertionError: Expected text not found in response! expected [true] but found [false]\r\n\tat org.testng.Assert.fail(Assert.java:111)\r\n\tat org.testng.Assert.failNotEquals(Assert.java:1590)\r\n\tat org.testng.Assert.assertTrue(Assert.java:57)\r\n\tat steps.api.CommonSteps.validateResponseContains(CommonSteps.java:25)\r\n\tat ✽.the response should contain \"brands\"(file:///C:/FINAL_PROJECT_COPY/Final_Project/src/main/resources/features/api/Brands.feature:7)\r\n"},"stage":"finished","steps":[{"name":"When I send GET request to \"/api/brandsList\"","status":"passed","statusDetails":{"known":false,"muted":false,"flaky":false},"stage":"finished","steps":[],"attachments":[],"parameters":[],"start":1768995918805,"stop":1768995922262},{"name":"Then the status code should be 200","status":"passed","statusDetails":{"known":false,"muted":false,"flaky":false},"stage":"finished","steps":[],"attachments":[],"parameters":[],"start":1768995922271,"stop":1768995923482},{"name":"And the response should contain \"brands\"","status":"failed","statusDetails":{"known":false,"muted":false,"flaky":false,"message":"Expected text not found in response! expected [true] but found [false]","trace":"java.lang.AssertionError: Expected text not found in response! expected [true] but found [false]\r\n\tat org.testng.Assert.fail(Assert.java:111)\r\n\tat org.testng.Assert.failNotEquals(Assert.java:1590)\r\n\tat org.testng.Assert.assertTrue(Assert.java:57)\r\n\tat steps.api.CommonSteps.validateResponseContains(CommonSteps.java:25)\r\n\tat ✽.the response should contain \"brands\"(file:///C:/FINAL_PROJECT_COPY/Final_Project/src/main/resources/features/api/Brands.feature:7)\r\n"},"stage":"finished","steps":[],"attachments":[],"parameters":[],"start":1768995923483,"stop":1768995923503}],"attachments":[],"parameters":[],"start":1768995917276,"stop":1768995923579}