{"uuid":"df58af05-55ee-44a1-bab6-8c3abf8faeb2","historyId":"5c959dfd9806656b6f12c9023eb9361a","testCaseId":"ca96e1a6af43945aa2a0029d2f7e6115","fullName":"src/main/resources/features/ui/EndToEndUI.feature:103","labels":[{"name":"tag","value":"UI"},{"name":"host","value":"DESKTOP-21V1HNG"},{"name":"thread","value":"28124@DESKTOP-21V1HNG.TestNG-PoolService-1(36)"},{"name":"feature","value":"End-to-End UI Test Suite (Products → Cart → Checkout → Login)"},{"name":"story","value":"Verify cart page before continuing to checkout"},{"name":"suite","value":"End-to-End UI Test Suite (Products → Cart → Checkout → Login)"},{"name":"testClass","value":"Verify cart page before continuing to checkout"},{"name":"framework","value":"cucumber4jvm"},{"name":"language","value":"java"},{"name":"gherkin_uri","value":"file:///C:/FINAL_PROJECT_COPY/Final_Project/src/main/resources/features/ui/EndToEndUI.feature"},{"name":"package","value":"src.main.resources.features.ui.EndToEndUI_feature.End-to-End UI Test Suite (Products → Cart → Checkout → Login)"}],"links":[],"name":"Verify cart page before continuing to checkout","status":"broken","statusDetails":{"known":false,"muted":false,"flaky":false,"message":"element click intercepted: Element <a href=\"/view_cart\" style=\"color: orange;\">...</a> is not clickable at point (690, 40). Other element would receive the click: <div id=\"checkoutModal\" class=\"modal show\">...</div>\n  (Session info: chrome=144.0.7559.59)\nBuild info: version: '4.26.0', revision: '8ccf0219d7'\nSystem info: os.name: 'Windows 11', os.arch: 'amd64', os.version: '10.0', java.version: '25.0.1'\nDriver info: org.openqa.selenium.chrome.ChromeDriver\nCommand: [328019ae4b95f013e5e30148e0c9b475, clickElement {id=f.2BD9A344F1906B85DF991C6DC19D4DD5.d.8C25EE4C09E044A35F97A32A12264088.e.136}]\nCapabilities {acceptInsecureCerts: false, browserName: chrome, browserVersion: 144.0.7559.59, chrome: {chromedriverVersion: 144.0.7559.96 (d7b80622cfab..., userDataDir: C:\\Users\\HARIKR~1\\AppData\\L...}, fedcm:accounts: true, goog:chromeOptions: {debuggerAddress: localhost:49864}, goog:processID: 49964, networkConnectionEnabled: false, pageLoadStrategy: normal, platformName: windows, proxy: Proxy(), se:cdp: ws://localhost:49864/devtoo..., se:cdpVersion: 144.0.7559.59, setWindowRect: true, strictFileInteractability: false, timeouts: {implicit: 0, pageLoad: 300000, script: 30000}, unhandledPromptBehavior: dismiss and notify, webauthn:extension:credBlob: true, webauthn:extension:largeBlob: true, webauthn:extension:minPinLength: true, webauthn:extension:prf: true, webauthn:virtualAuthenticators: true}\nElement: [[ChromeDriver: chrome on windows (328019ae4b95f013e5e30148e0c9b475)] -> xpath: //a[contains(text(),'Cart')]]\nSession ID: 328019ae4b95f013e5e30148e0c9b475","trace":"org.openqa.selenium.ElementClickInterceptedException: element click intercepted: Element <a href=\"/view_cart\" style=\"color: orange;\">...</a> is not clickable at point (690, 40). Other element would receive the click: <div id=\"checkoutModal\" class=\"modal show\">...</div>\n  (Session info: chrome=144.0.7559.59)\nBuild info: version: '4.26.0', revision: '8ccf0219d7'\nSystem info: os.name: 'Windows 11', os.arch: 'amd64', os.version: '10.0', java.version: '25.0.1'\nDriver info: org.openqa.selenium.chrome.ChromeDriver\nCommand: [328019ae4b95f013e5e30148e0c9b475, clickElement {id=f.2BD9A344F1906B85DF991C6DC19D4DD5.d.8C25EE4C09E044A35F97A32A12264088.e.136}]\nCapabilities {acceptInsecureCerts: false, browserName: chrome, browserVersion: 144.0.7559.59, chrome: {chromedriverVersion: 144.0.7559.96 (d7b80622cfab..., userDataDir: C:\\Users\\HARIKR~1\\AppData\\L...}, fedcm:accounts: true, goog:chromeOptions: {debuggerAddress: localhost:49864}, goog:processID: 49964, networkConnectionEnabled: false, pageLoadStrategy: normal, platformName: windows, proxy: Proxy(), se:cdp: ws://localhost:49864/devtoo..., se:cdpVersion: 144.0.7559.59, setWindowRect: true, strictFileInteractability: false, timeouts: {implicit: 0, pageLoad: 300000, script: 30000}, unhandledPromptBehavior: dismiss and notify, webauthn:extension:credBlob: true, webauthn:extension:largeBlob: true, webauthn:extension:minPinLength: true, webauthn:extension:prf: true, webauthn:virtualAuthenticators: true}\nElement: [[ChromeDriver: chrome on windows (328019ae4b95f013e5e30148e0c9b475)] -> xpath: //a[contains(text(),'Cart')]]\nSession ID: 328019ae4b95f013e5e30148e0c9b475\r\n\tat java.base/jdk.internal.reflect.DirectConstructorHandleAccessor.newInstance(DirectConstructorHandleAccessor.java:62)\r\n\tat java.base/java.lang.reflect.Constructor.newInstanceWithCaller(Constructor.java:499)\r\n\tat java.base/java.lang.reflect.Constructor.newInstance(Constructor.java:483)\r\n\tat org.openqa.selenium.remote.ErrorCodec.decode(ErrorCodec.java:167)\r\n\tat org.openqa.selenium.remote.codec.w3c.W3CHttpResponseCodec.decode(W3CHttpResponseCodec.java:138)\r\n\tat org.openqa.selenium.remote.codec.w3c.W3CHttpResponseCodec.decode(W3CHttpResponseCodec.java:50)\r\n\tat org.openqa.selenium.remote.HttpCommandExecutor.execute(HttpCommandExecutor.java:190)\r\n\tat org.openqa.selenium.remote.service.DriverCommandExecutor.invokeExecute(DriverCommandExecutor.java:216)\r\n\tat org.openqa.selenium.remote.service.DriverCommandExecutor.execute(DriverCommandExecutor.java:174)\r\n\tat org.openqa.selenium.remote.RemoteWebDriver.execute(RemoteWebDriver.java:545)\r\n\tat org.openqa.selenium.remote.RemoteWebElement.execute(RemoteWebElement.java:223)\r\n\tat org.openqa.selenium.remote.RemoteWebElement.click(RemoteWebElement.java:76)\r\n\tat ui.pages.ProductsPage.goToCartPage(ProductsPage.java:218)\r\n\tat ui.pages.ProductsPage.goToCart(ProductsPage.java:244)\r\n\tat steps.ui.ProductsUISteps.goToCart(ProductsUISteps.java:85)\r\n\tat ✽.I go to cart page(file:///C:/FINAL_PROJECT_COPY/Final_Project/src/main/resources/features/ui/EndToEndUI.feature:108)\r\n"},"stage":"finished","steps":[{"name":"When I open products page","status":"passed","statusDetails":{"known":false,"muted":false,"flaky":false},"stage":"finished","steps":[],"attachments":[],"parameters":[],"start":1768995983983,"stop":1768996015429},{"name":"And I add first product to cart","status":"passed","statusDetails":{"known":false,"muted":false,"flaky":false},"stage":"finished","steps":[],"attachments":[],"parameters":[],"start":1768996015429,"stop":1768996016503},{"name":"And I continue shopping after adding product","status":"passed","statusDetails":{"known":false,"muted":false,"flaky":false},"stage":"finished","steps":[],"attachments":[],"parameters":[],"start":1768996016503,"stop":1768996021310},{"name":"And I go to cart page","status":"passed","statusDetails":{"known":false,"muted":false,"flaky":false},"stage":"finished","steps":[],"attachments":[],"parameters":[],"start":1768996021310,"stop":1768996024061},{"name":"And I go to cart page","status":"broken","statusDetails":{"known":false,"muted":false,"flaky":false,"message":"element click intercepted: Element <a href=\"/view_cart\" style=\"color: orange;\">...</a> is not clickable at point (690, 40). Other element would receive the click: <div id=\"checkoutModal\" class=\"modal show\">...</div>\n  (Session info: chrome=144.0.7559.59)\nBuild info: version: '4.26.0', revision: '8ccf0219d7'\nSystem info: os.name: 'Windows 11', os.arch: 'amd64', os.version: '10.0', java.version: '25.0.1'\nDriver info: org.openqa.selenium.chrome.ChromeDriver\nCommand: [328019ae4b95f013e5e30148e0c9b475, clickElement {id=f.2BD9A344F1906B85DF991C6DC19D4DD5.d.8C25EE4C09E044A35F97A32A12264088.e.136}]\nCapabilities {acceptInsecureCerts: false, browserName: chrome, browserVersion: 144.0.7559.59, chrome: {chromedriverVersion: 144.0.7559.96 (d7b80622cfab..., userDataDir: C:\\Users\\HARIKR~1\\AppData\\L...}, fedcm:accounts: true, goog:chromeOptions: {debuggerAddress: localhost:49864}, goog:processID: 49964, networkConnectionEnabled: false, pageLoadStrategy: normal, platformName: windows, proxy: Proxy(), se:cdp: ws://localhost:49864/devtoo..., se:cdpVersion: 144.0.7559.59, setWindowRect: true, strictFileInteractability: false, timeouts: {implicit: 0, pageLoad: 300000, script: 30000}, unhandledPromptBehavior: dismiss and notify, webauthn:extension:credBlob: true, webauthn:extension:largeBlob: true, webauthn:extension:minPinLength: true, webauthn:extension:prf: true, webauthn:virtualAuthenticators: true}\nElement: [[ChromeDriver: chrome on windows (328019ae4b95f013e5e30148e0c9b475)] -> xpath: //a[contains(text(),'Cart')]]\nSession ID: 328019ae4b95f013e5e30148e0c9b475","trace":"org.openqa.selenium.ElementClickInterceptedException: element click intercepted: Element <a href=\"/view_cart\" style=\"color: orange;\">...</a> is not clickable at point (690, 40). Other element would receive the click: <div id=\"checkoutModal\" class=\"modal show\">...</div>\n  (Session info: chrome=144.0.7559.59)\nBuild info: version: '4.26.0', revision: '8ccf0219d7'\nSystem info: os.name: 'Windows 11', os.arch: 'amd64', os.version: '10.0', java.version: '25.0.1'\nDriver info: org.openqa.selenium.chrome.ChromeDriver\nCommand: [328019ae4b95f013e5e30148e0c9b475, clickElement {id=f.2BD9A344F1906B85DF991C6DC19D4DD5.d.8C25EE4C09E044A35F97A32A12264088.e.136}]\nCapabilities {acceptInsecureCerts: false, browserName: chrome, browserVersion: 144.0.7559.59, chrome: {chromedriverVersion: 144.0.7559.96 (d7b80622cfab..., userDataDir: C:\\Users\\HARIKR~1\\AppData\\L...}, fedcm:accounts: true, goog:chromeOptions: {debuggerAddress: localhost:49864}, goog:processID: 49964, networkConnectionEnabled: false, pageLoadStrategy: normal, platformName: windows, proxy: Proxy(), se:cdp: ws://localhost:49864/devtoo..., se:cdpVersion: 144.0.7559.59, setWindowRect: true, strictFileInteractability: false, timeouts: {implicit: 0, pageLoad: 300000, script: 30000}, unhandledPromptBehavior: dismiss and notify, webauthn:extension:credBlob: true, webauthn:extension:largeBlob: true, webauthn:extension:minPinLength: true, webauthn:extension:prf: true, webauthn:virtualAuthenticators: true}\nElement: [[ChromeDriver: chrome on windows (328019ae4b95f013e5e30148e0c9b475)] -> xpath: //a[contains(text(),'Cart')]]\nSession ID: 328019ae4b95f013e5e30148e0c9b475\r\n\tat java.base/jdk.internal.reflect.DirectConstructorHandleAccessor.newInstance(DirectConstructorHandleAccessor.java:62)\r\n\tat java.base/java.lang.reflect.Constructor.newInstanceWithCaller(Constructor.java:499)\r\n\tat java.base/java.lang.reflect.Constructor.newInstance(Constructor.java:483)\r\n\tat org.openqa.selenium.remote.ErrorCodec.decode(ErrorCodec.java:167)\r\n\tat org.openqa.selenium.remote.codec.w3c.W3CHttpResponseCodec.decode(W3CHttpResponseCodec.java:138)\r\n\tat org.openqa.selenium.remote.codec.w3c.W3CHttpResponseCodec.decode(W3CHttpResponseCodec.java:50)\r\n\tat org.openqa.selenium.remote.HttpCommandExecutor.execute(HttpCommandExecutor.java:190)\r\n\tat org.openqa.selenium.remote.service.DriverCommandExecutor.invokeExecute(DriverCommandExecutor.java:216)\r\n\tat org.openqa.selenium.remote.service.DriverCommandExecutor.execute(DriverCommandExecutor.java:174)\r\n\tat org.openqa.selenium.remote.RemoteWebDriver.execute(RemoteWebDriver.java:545)\r\n\tat org.openqa.selenium.remote.RemoteWebElement.execute(RemoteWebElement.java:223)\r\n\tat org.openqa.selenium.remote.RemoteWebElement.click(RemoteWebElement.java:76)\r\n\tat ui.pages.ProductsPage.goToCartPage(ProductsPage.java:218)\r\n\tat ui.pages.ProductsPage.goToCart(ProductsPage.java:244)\r\n\tat steps.ui.ProductsUISteps.goToCart(ProductsUISteps.java:85)\r\n\tat ✽.I go to cart page(file:///C:/FINAL_PROJECT_COPY/Final_Project/src/main/resources/features/ui/EndToEndUI.feature:108)\r\n"},"stage":"finished","steps":[],"attachments":[],"parameters":[],"start":1768996024061,"stop":1768996025626},{"name":"And I click checkout on cart page","status":"skipped","statusDetails":{"known":false,"muted":false,"flaky":false},"stage":"finished","steps":[],"attachments":[],"parameters":[],"start":1768996025633,"stop":1768996025634},{"name":"And I choose to login from checkout page","status":"skipped","statusDetails":{"known":false,"muted":false,"flaky":false},"stage":"finished","steps":[],"attachments":[],"parameters":[],"start":1768996025634,"stop":1768996025634},{"name":"And I login using email \"hk18@gmail.com\" and password \"Hari@0577\"","status":"skipped","statusDetails":{"known":false,"muted":false,"flaky":false},"stage":"finished","steps":[],"attachments":[],"parameters":[],"start":1768996025637,"stop":1768996025637},{"name":"Then I should reach homepage after login","status":"skipped","statusDetails":{"known":false,"muted":false,"flaky":false},"stage":"finished","steps":[],"attachments":[],"parameters":[],"start":1768996025637,"stop":1768996025637}],"attachments":[],"parameters":[],"start":1768995983968,"stop":1768996025639}